
  Dropping all tables ........................................................................................ 1s DONE

   INFO  Preparing database.  

  Creating migration table .............................................................................. 12.57ms DONE

   INFO  Running migrations.  

  2014_10_12_000000_create_users_table .................................................................. 67.37ms DONE
  2014_10_12_100000_create_password_resets_table ....................................................... 159.51ms DONE
  2019_08_19_000000_create_failed_jobs_table ............................................................ 12.79ms DONE
  2019_09_22_192348_create_messages_table ................................................................ 9.65ms DONE
  2019_09_28_102009_create_settings_table ............................................................... 43.23ms DONE
  2019_09_30_050856_create_pipelines_table ............................................................... 8.78ms DONE
  2019_09_30_052036_create_sources_table ................................................................ 11.49ms DONE
  2019_09_30_061801_create_stages_table ................................................................. 11.14ms DONE
  2019_09_30_092218_create_labels_table .................................................................. 9.99ms DONE
  2019_10_03_052618_create_deals_table ................................................................... 9.94ms DONE
  2019_10_05_045358_create_user_deals_table ............................................................ 132.24ms DONE
  2019_10_05_045359_create_client_deals_table .......................................................... 128.02ms DONE
  2019_10_07_054657_create_deal_files_table ............................................................. 60.38ms DONE
  2019_10_07_091153_create_deal_tasks_table ............................................................. 69.38ms DONE
  2019_10_14_055151_create_deal_discussions_table ....................................................... 85.55ms DONE
  2019_10_16_211433_create_favorites_table .............................................................. 17.70ms DONE
  2019_10_18_223259_add_avatar_to_users ................................................................. 22.64ms DONE
  2019_10_20_211056_add_messenger_color_to_users ......................................................... 6.21ms DONE
  2019_10_22_000539_add_dark_mode_to_users ............................................................... 6.16ms DONE
  2019_10_24_060326_create_projectstages_table ........................................................... 8.75ms DONE
  2019_10_25_214038_add_active_status_to_users ........................................................... 7.04ms DONE
  2019_11_12_073012_create_bug_comments_table ............................................................ 8.10ms DONE
  2019_11_12_100007_create_bug_files_table .............................................................. 10.70ms DONE
  2019_11_13_051828_create_taxes_table .................................................................. 11.42ms DONE
  2019_11_13_055026_create_invoices_table ............................................................... 12.90ms DONE
  2019_12_14_000001_create_personal_access_tokens_table ................................................. 44.80ms DONE
  2019_12_18_110230_create_bugs_table ................................................................... 10.47ms DONE
  2019_12_18_112007_create_bug_statuses_table ........................................................... 10.74ms DONE
  2019_12_26_101754_create_departments_table ............................................................ 10.54ms DONE
  2019_12_26_101814_create_designations_table ........................................................... 35.16ms DONE
  2019_12_26_105721_create_documents_table ............................................................... 9.98ms DONE
  2019_12_27_083751_create_branches_table ................................................................ 8.56ms DONE
  2019_12_27_090831_create_employees_table .............................................................. 11.02ms DONE
  2019_12_27_112922_create_employee_documents_table ...................................................... 9.00ms DONE
  2019_12_28_050508_create_awards_table .................................................................. 9.78ms DONE
  2019_12_28_050919_create_award_types_table ............................................................. 9.41ms DONE
  2019_12_31_060916_create_termination_types_table ....................................................... 8.97ms DONE
  2019_12_31_062259_create_terminations_table ............................................................ 9.43ms DONE
  2019_12_31_070521_create_resignations_table ........................................................... 10.18ms DONE
  2019_12_31_072252_create_travels_table ................................................................. 9.35ms DONE
  2019_12_31_090637_create_promotions_table ............................................................. 11.80ms DONE
  2019_12_31_092838_create_transfers_table ............................................................... 9.96ms DONE
  2019_12_31_100319_create_warnings_table ................................................................ 9.39ms DONE
  2019_12_31_103019_create_complaints_table ............................................................. 10.13ms DONE
  2020_01_02_090837_create_payslip_types_table ........................................................... 8.63ms DONE
  2020_01_02_093331_create_allowance_options_table ....................................................... 8.72ms DONE
  2020_01_02_102558_create_loan_options_table ............................................................ 9.33ms DONE
  2020_01_02_103822_create_deduction_options_table ....................................................... 8.67ms DONE
  2020_01_02_110828_create_genrate_payslip_options_table ................................................. 9.47ms DONE
  2020_01_02_111807_create_set_salaries_table ............................................................ 9.95ms DONE
  2020_01_03_084302_create_allowances_table .............................................................. 9.26ms DONE
  2020_01_03_101735_create_commissions_table ............................................................. 8.70ms DONE
  2020_01_03_105019_create_loans_table .................................................................. 13.86ms DONE
  2020_01_03_105046_create_saturation_deductions_table .................................................. 10.25ms DONE
  2020_01_03_105100_create_other_payments_table ......................................................... 10.25ms DONE
  2020_01_03_105111_create_overtimes_table ............................................................... 9.29ms DONE
  2020_01_04_060343_create_contract_types_table .......................................................... 9.74ms DONE
  2020_01_04_060343_create_performance_type_table ....................................................... 11.70ms DONE
  2020_01_04_060354_create_contracts_table .............................................................. 10.07ms DONE
  2020_01_04_072527_create_pay_slips_table ............................................................... 9.75ms DONE
  2020_01_08_063207_create_product_services_table ........................................................ 9.59ms DONE
  2020_01_08_084029_create_product_service_categories_table ............................................. 11.74ms DONE
  2020_01_08_092717_create_product_service_units_table ................................................... 9.33ms DONE
  2020_01_08_121541_create_customers_table .............................................................. 10.73ms DONE
  2020_01_09_104945_create_venders_table ................................................................ 43.66ms DONE
  2020_01_09_113852_create_bank_accounts_table .......................................................... 10.24ms DONE
  2020_01_09_124222_create_bank_transfers_table .......................................................... 9.88ms DONE
  2020_01_10_064723_create_transactions_table ........................................................... 11.16ms DONE
  2020_01_13_072608_create_invoice_products_table ........................................................ 9.21ms DONE
  2020_01_13_084720_create_events_table .................................................................. 9.48ms DONE
  2020_01_15_034438_create_revenues_table ............................................................... 11.00ms DONE
  2020_01_15_051228_create_bills_table ................................................................... 9.29ms DONE
  2020_01_15_060859_create_bill_products_table ........................................................... 9.15ms DONE
  2020_01_15_073237_create_payments_table ............................................................... 11.56ms DONE
  2020_01_16_041720_create_announcements_table ........................................................... 9.79ms DONE
  2020_01_16_043907_create_orders_table ................................................................. 87.86ms DONE
  2020_01_16_090747_create_leave_types_table ............................................................ 30.32ms DONE
  2020_01_16_093256_create_leaves_table ................................................................. 77.12ms DONE
  2020_01_16_110357_create_meetings_table ............................................................... 13.55ms DONE
  2020_01_18_051650_create_invoice_payments_table ....................................................... 11.85ms DONE
  2020_01_18_051650_create_pos_payments_table ........................................................... 13.13ms DONE
  2020_01_20_091035_create_bill_payments_table .......................................................... 11.04ms DONE
  2020_01_23_101613_create_meeting_employees_table ...................................................... 10.72ms DONE
  2020_01_23_123844_create_event_employees_table ......................................................... 9.57ms DONE
  2020_01_24_062752_create_announcement_employees_table ................................................. 11.43ms DONE
  2020_01_27_052503_create_attendance_employees_table ................................................... 10.03ms DONE
  2020_02_25_052356_create_credit_notes_table ............................................................ 9.06ms DONE
  2020_02_26_033827_create_debit_notes_table ............................................................. 9.36ms DONE
  2020_03_04_122711_create_leads_table .................................................................. 41.12ms DONE
  2020_03_04_122801_create_lead_stages_table ............................................................ 11.26ms DONE
  2020_03_05_042105_create_lead_activity_logs_table ..................................................... 11.83ms DONE
  2020_03_05_042308_create_lead_discussions_table ....................................................... 76.80ms DONE
  2020_03_05_042318_create_user_leads_table ............................................................ 127.05ms DONE
  2020_03_05_042549_create_lead_files_table ............................................................. 63.12ms DONE
  2020_03_05_042636_create_lead_emails_table ............................................................ 63.18ms DONE
  2020_03_05_042710_create_lead_calls_table ............................................................. 63.89ms DONE
  2020_03_05_044157_create_deal_emails_table ............................................................ 57.07ms DONE
  2020_03_05_044322_create_deal_calls_table ............................................................. 63.45ms DONE
  2020_03_12_120749_create_user_coupons_table ........................................................... 33.97ms DONE
  2020_03_17_104345_create_estimations_table ............................................................. 9.37ms DONE
  2020_03_18_104909_create_notifications_table ........................................................... 9.27ms DONE
  2020_04_02_045834_create_proposals_table ............................................................... 9.05ms DONE
  2020_04_02_055706_create_proposal_products_table ...................................................... 11.13ms DONE
  2020_04_18_035141_create_goals_table ................................................................... 9.61ms DONE
  2020_04_21_115823_create_assets_table ................................................................ 194.94ms DONE
  2020_04_24_023732_create_custom_fields_table ............................................................... 1s DONE
  2020_04_24_024217_create_custom_field_values_table ......................................................... 2s DONE
  2020_05_01_122144_create_ducument_uploads_table ....................................................... 11.19ms DONE
  2020_05_02_075614_create_email_templates_table ........................................................ 11.00ms DONE
  2020_05_02_075630_create_email_template_langs_table .................................................... 9.98ms DONE
  2020_05_02_075647_create_user_email_templates_table ................................................... 10.79ms DONE
  2020_05_04_070452_create_indicators_table ............................................................. 12.20ms DONE
  2020_05_05_023742_create_appraisals_table ............................................................. 10.97ms DONE
  2020_05_05_061241_create_goal_types_table ............................................................. 11.31ms DONE
  2020_05_05_095926_create_goal_trackings_table ......................................................... 11.39ms DONE
  2020_05_07_093520_create_company_policies_table ....................................................... 10.77ms DONE
  2020_05_07_131311_create_training_types_table ......................................................... 10.44ms DONE
  2020_05_08_023838_create_trainers_table ............................................................... 11.93ms DONE
  2020_05_08_043039_create_trainings_table .............................................................. 11.79ms DONE
  2020_05_21_065337_create_permission_tables ........................................................... 408.47ms DONE
  2020_06_02_085538_create_task_stages_table ............................................................ 11.24ms DONE
  2020_06_30_043627_create_user_to_dos_table ............................................................ 11.16ms DONE
  2020_07_04_041452_create_project_email_templates_table ................................................ 12.65ms DONE
  2020_07_06_110501_create_user_contacts_table .......................................................... 11.26ms DONE
  2020_08_10_073242_create_project_invoices_table ....................................................... 13.41ms DONE
  2020_08_26_093539_create_time_trackers_table .......................................................... 11.31ms DONE
  2020_10_07_034726_create_holidays_table ............................................................... 10.97ms DONE
  2021_01_11_062508_create_chart_of_accounts_table ...................................................... 13.37ms DONE
  2021_01_11_070441_create_chart_of_account_types_table ................................................. 11.25ms DONE
  2021_01_12_032834_create_journal_entries_table ......................................................... 9.54ms DONE
  2021_01_12_033815_create_journal_items_table ........................................................... 9.57ms DONE
  2021_01_20_072219_create_chart_of_account_sub_types_table .............................................. 9.40ms DONE
  2021_01_20_113044_create_log_activities_table ........................................................ 137.66ms DONE
  2021_03_13_093312_create_ip_restricts_table ............................................................ 9.44ms DONE
  2021_03_13_114832_create_job_categories_table .......................................................... 9.22ms DONE
  2021_03_13_123125_create_job_stages_table .............................................................. 9.18ms DONE
  2021_03_15_094707_create_jobs_table ................................................................... 10.62ms DONE
  2021_03_15_153745_create_job_applications_table ...................................................... 378.21ms DONE
  2021_03_16_115140_create_job_application_notes_table ................................................... 9.32ms DONE
  2021_03_17_100224_create_projects_table ............................................................... 26.56ms DONE
  2021_03_17_163107_create_custom_questions_table ........................................................ 9.67ms DONE
  2021_03_18_060536_create_project_tasks_table .......................................................... 21.61ms DONE
  2021_03_18_070146_create_milestones_table ............................................................. 18.45ms DONE
  2021_03_18_091547_create_task_checklists_table ........................................................ 18.04ms DONE
  2021_03_18_092113_create_task_files_table ............................................................. 18.57ms DONE
  2021_03_18_092400_create_task_comments_table .......................................................... 19.70ms DONE
  2021_03_18_102517_create_activity_logs_table .......................................................... 19.64ms DONE
  2021_03_18_140630_create_interview_schedules_table .................................................... 11.06ms DONE
  2021_03_19_053350_create_project_users_table .......................................................... 21.14ms DONE
  2021_03_22_100636_create_expenses_table ............................................................... 21.13ms DONE
  2021_03_22_122532_create_job_on_boards_table .......................................................... 12.74ms DONE
  2021_03_23_032633_create_timesheets_table ............................................................. 22.11ms DONE
  2021_08_03_093459_create_form_builders_table .......................................................... 39.78ms DONE
  2021_08_03_094508_create_form_fields_table ............................................................. 9.47ms DONE
  2021_08_03_094534_create_form_field_responses_table ................................................... 10.43ms DONE
  2021_08_03_094548_create_form_responses_table .......................................................... 8.79ms DONE
  2021_08_04_072610_admin_payment_settings .............................................................. 37.69ms DONE
  2021_08_04_090539_company_payment_settings ............................................................ 35.25ms DONE
  2021_08_05_114738_create_supports_table ................................................................ 9.23ms DONE
  2021_08_05_115212_create_support_replies_table ......................................................... 9.63ms DONE
  2021_08_20_084119_create_competencies_table ............................................................ 9.09ms DONE
  2021_09_03_112043_create_track_photos_table ........................................................... 10.27ms DONE
  2021_12_02_052828_create_budgets_table ................................................................ 10.06ms DONE
  2021_12_24_104639_create_zoom_meetings_table .......................................................... 11.16ms DONE
  2022_03_11_035602_create_stock_reports_table ........................................................... 9.30ms DONE
  2022_07_21_033939_create_contract_attachment_table ..................................................... 8.77ms DONE
  2022_07_21_034802_create_contract_comment_table ........................................................ 9.70ms DONE
  2022_07_21_034957_create_contract_notes_table ......................................................... 10.90ms DONE
  2022_08_10_051439_generate__offer__letter .............................................................. 8.84ms DONE
  2022_08_16_050109_joining_letter ....................................................................... 8.94ms DONE
  2022_08_17_045033_experience_certificate ............................................................... 9.37ms DONE
  2022_08_17_051049_create_warehouses_table .............................................................. 8.96ms DONE
  2022_08_17_065806_noc_certificate ...................................................................... 8.98ms DONE
  2022_08_18_055612_create_purchases_table .............................................................. 10.62ms DONE
  2022_08_18_072314_create_purchase_products_table ...................................................... 10.06ms DONE
  2022_08_22_050630_create_purchase_payments ............................................................ 11.22ms DONE
  2022_08_24_045854_create_warehouse_products ............................................................ 9.36ms DONE
  2022_08_25_112305_create_pos_table ..................................................................... 9.69ms DONE
  2022_08_25_124531_create_pos_products_table ........................................................... 10.31ms DONE
  2023_04_19_113655_create_login_details_table .......................................................... 11.07ms DONE
  2023_04_20_102814_create_notification_templates_table .................................................. 8.83ms DONE
  2023_04_20_121414_create_notification_template_langs_table ............................................. 9.72ms DONE
  2023_04_24_073041_create_webhook_settings_table ........................................................ 9.94ms DONE
  2023_05_29_063149_create_invoice_bank_transfer_table .................................................. 10.53ms DONE
  2023_06_05_043450_create_landing_page_settings_table .................................................. 74.19ms DONE
  2023_06_06_043306_create_templates_table ............................................................... 9.06ms DONE
  2023_06_10_114031_create_join_us_table ................................................................ 40.68ms DONE
  2023_06_27_114746_create_languages_table ............................................................... 7.83ms DONE
  2023_07_12_220924_create_warehouse_transfers_table .................................................... 32.14ms DONE
  2023_07_27_144907_create_bill_account_table ........................................................... 31.73ms DONE
  2023_11_29_060818_create_transaction_lines_table ...................................................... 23.42ms DONE
  2023_12_20_103442_create_project_expenses_table ....................................................... 10.59ms DONE
  2023_12_26_061204_create_chart_of_account_parents_table ............................................... 11.45ms DONE
  2023_12_29_105150_add_parent_to_chart_of_accounts ..................................................... 31.84ms DONE
  2023_12_29_105244_add_created_by_to_chart_of_account_sub_types ........................................ 33.78ms DONE
  2023_12_29_105321_add_account_to_employees ............................................................ 18.83ms DONE
  2024_01_04_110658_create_quotation_products_table ..................................................... 12.49ms DONE
  2024_01_04_110718_create_quotations_table ............................................................. 14.94ms DONE
  2024_01_16_063225_add_is_enable_login_to_users ........................................................ 19.57ms DONE
  2024_01_27_072531_remove_unique_constraint_from_email_in_table ........................................ 12.31ms DONE
  2024_04_01_052432_add_expires_at_to_personal_access_tokens ............................................ 17.47ms DONE
  2024_05_09_045401_add_branch_id_to_designations_table ................................................. 36.21ms DONE
  2024_05_09_062707_add_biometric_emp_id_to_employees_table ............................................. 22.70ms DONE
  2025_04_28_115832_add_phone_id_to_form_field_responses ................................................ 15.62ms DONE
  2025_04_30_083523_add_columns_to_trackers ............................................................. 34.17ms DONE
  2025_05_05_122206_add_payment_name_to_bank_accounts_table ............................................. 23.73ms DONE
  2025_05_14_064525_add_credit_note_to_credit_notes ..................................................... 25.06ms DONE
  2025_05_15_043319_add_debit_note_to_debit_notes ....................................................... 22.16ms DONE
  2025_05_15_070106_create_add_transaction_lines_table .................................................. 18.64ms DONE
  2025_06_18_062159_create_customer_credit_notes_table .................................................. 19.48ms DONE
  2025_06_18_084429_create_customer_debit_notes_table ................................................... 20.74ms DONE
  2025_11_14_051831_add_account_type_fields_to_bank_accounts_table ...................................... 13.41ms DONE
  2025_11_14_074911_add_identification_fields_to_employees_table ........................................ 19.59ms DONE
  2025_11_14_122617_add_salary_breakdown_to_employees_table ............................................. 19.60ms DONE
  2025_11_18_140343_add_components_to_payslip_types_table .............................................. 277.30ms DONE
  2025_11_18_155207_add_type_and_amount_to_allowance_and_deduction_options .............................. 37.82ms DONE
  2025_11_26_000000_create_employee_identifications_table .............................................. 224.44ms DONE
  2025_12_01_000000_add_ssn_and_man_number_to_employees_table ........................................... 67.68ms DONE
  2025_12_01_000001_add_expiry_date_to_documents_table .................................................. 19.29ms DONE
  2025_12_01_000002_add_reports_to_to_employees_table ................................................... 15.52ms DONE
  2025_12_01_000003_add_name_parts_to_employees_table ................................................... 45.73ms DONE
  2025_12_01_000004_create_tax_slabs_table .............................................................. 10.96ms DONE
  2025_12_01_000005_add_tax_slab_to_saturation_deductions ............................................... 20.13ms DONE
  2025_12_01_000006_add_payslip_type_id_to_tax_slabs .................................................... 16.87ms DONE
  2025_12_01_000007_add_type_to_deduction_options ....................................................... 17.23ms DONE
  2025_12_01_000008_create_deduction_option_tax_slab_table ............................................. 147.88ms DONE


   INFO  Seeding database.  

  Database\Seeders\NotificationSeeder ........................................................................ RUNNING  
  Database\Seeders\NotificationSeeder .................................................................. 1,665 ms DONE  

